2015/03/30 17:52:55 [trace] [system.db.ar.CActiveRecord] Post.count()
in C:\OpenServer\domains\apple\protected\controllers\PostController.php (36)
in C:\OpenServer\domains\apple\index.php (13)
2015/03/30 17:52:55 [trace] [system.db.CDbConnection] Opening DB connection
in C:\OpenServer\domains\apple\protected\controllers\PostController.php (36)
in C:\OpenServer\domains\apple\index.php (13)
2015/03/30 17:52:56 [trace] [system.db.CDbCommand] Querying SQL: SHOW FULL COLUMNS FROM `tbl_post`
in C:\OpenServer\domains\apple\protected\controllers\PostController.php (36)
in C:\OpenServer\domains\apple\index.php (13)
2015/03/30 17:52:56 [trace] [system.db.CDbCommand] Querying SQL: SHOW CREATE TABLE `tbl_post`
in C:\OpenServer\domains\apple\protected\controllers\PostController.php (36)
in C:\OpenServer\domains\apple\index.php (13)
2015/03/30 17:52:56 [trace] [system.db.CDbCommand] Querying SQL: SELECT COUNT(*) FROM `tbl_post` `t`
in C:\OpenServer\domains\apple\protected\controllers\PostController.php (36)
in C:\OpenServer\domains\apple\index.php (13)
2015/03/30 17:52:56 [trace] [system.db.ar.CActiveRecord] Post.findAll()
in C:\OpenServer\domains\apple\protected\controllers\PostController.php (40)
in C:\OpenServer\domains\apple\index.php (13)
2015/03/30 17:52:56 [trace] [system.db.CDbCommand] Querying SQL: SELECT * FROM `tbl_post` `t` ORDER BY create_time DESC LIMIT 3
in C:\OpenServer\domains\apple\protected\controllers\PostController.php (40)
in C:\OpenServer\domains\apple\index.php (13)
2015/03/30 17:52:56 [trace] [system.db.ar.CActiveRecord] Comment.count()
in C:\OpenServer\domains\apple\protected\models\Comment.php (63)
in C:\OpenServer\domains\apple\protected\views\post\index.php (18)
in C:\OpenServer\domains\apple\protected\controllers\PostController.php (44)
2015/03/30 17:52:56 [trace] [system.db.CDbCommand] Querying SQL: SHOW FULL COLUMNS FROM `tbl_comment`
in C:\OpenServer\domains\apple\protected\models\Comment.php (63)
in C:\OpenServer\domains\apple\protected\views\post\index.php (18)
in C:\OpenServer\domains\apple\protected\controllers\PostController.php (44)
2015/03/30 17:52:56 [trace] [system.db.CDbCommand] Querying SQL: SHOW CREATE TABLE `tbl_comment`
in C:\OpenServer\domains\apple\protected\models\Comment.php (63)
in C:\OpenServer\domains\apple\protected\views\post\index.php (18)
in C:\OpenServer\domains\apple\protected\controllers\PostController.php (44)
2015/03/30 17:52:56 [trace] [system.db.ar.CActiveRecord] Comment.count() eagerly
in C:\OpenServer\domains\apple\protected\models\Comment.php (63)
in C:\OpenServer\domains\apple\protected\views\post\index.php (18)
in C:\OpenServer\domains\apple\protected\controllers\PostController.php (44)
2015/03/30 17:52:56 [trace] [system.db.CDbCommand] Querying SQL: SELECT COUNT(DISTINCT `t`.`id`) FROM `tbl_comment` `t`  LEFT OUTER JOIN `tbl_post` `post` ON (`t`.`post_id`=`post`.`id`)  WHERE (post.id=10)
in C:\OpenServer\domains\apple\protected\models\Comment.php (63)
in C:\OpenServer\domains\apple\protected\views\post\index.php (18)
in C:\OpenServer\domains\apple\protected\controllers\PostController.php (44)
2015/03/30 17:52:56 [trace] [system.db.ar.CActiveRecord] Tag.findAll()
in C:\OpenServer\domains\apple\protected\models\Tag.php (70)
in C:\OpenServer\domains\apple\protected\views\post\index.php (20)
in C:\OpenServer\domains\apple\protected\controllers\PostController.php (44)
2015/03/30 17:52:56 [trace] [system.db.CDbCommand] Querying SQL: SHOW FULL COLUMNS FROM `tbl_tag`
in C:\OpenServer\domains\apple\protected\models\Tag.php (70)
in C:\OpenServer\domains\apple\protected\views\post\index.php (20)
in C:\OpenServer\domains\apple\protected\controllers\PostController.php (44)
2015/03/30 17:52:56 [trace] [system.db.CDbCommand] Querying SQL: SHOW CREATE TABLE `tbl_tag`
in C:\OpenServer\domains\apple\protected\models\Tag.php (70)
in C:\OpenServer\domains\apple\protected\views\post\index.php (20)
in C:\OpenServer\domains\apple\protected\controllers\PostController.php (44)
2015/03/30 17:52:56 [trace] [system.db.CDbCommand] Querying SQL: SHOW FULL COLUMNS FROM `tbl_post_tag`
in C:\OpenServer\domains\apple\protected\models\Tag.php (70)
in C:\OpenServer\domains\apple\protected\views\post\index.php (20)
in C:\OpenServer\domains\apple\protected\controllers\PostController.php (44)
2015/03/30 17:52:56 [trace] [system.db.CDbCommand] Querying SQL: SHOW CREATE TABLE `tbl_post_tag`
in C:\OpenServer\domains\apple\protected\models\Tag.php (70)
in C:\OpenServer\domains\apple\protected\views\post\index.php (20)
in C:\OpenServer\domains\apple\protected\controllers\PostController.php (44)
2015/03/30 17:52:56 [trace] [system.db.CDbCommand] Querying SQL: SELECT `t`.`id` AS `t0_c0`, `t`.`title` AS `t0_c1`, `t`.`frequency` AS `t0_c2`, `posts`.`id` AS `t1_c0`, `posts`.`author` AS `t1_c1`, `posts`.`title` AS `t1_c2`, `posts`.`text` AS `t1_c3`, `posts`.`create_time` AS `t1_c4`, `posts`.`update_time` AS `t1_c5`, `posts`.`image` AS `t1_c6` FROM `tbl_tag` `t`  LEFT OUTER JOIN `tbl_post_tag` `posts_posts` ON (`t`.`id`=`posts_posts`.`id_tag`) LEFT OUTER JOIN `tbl_post` `posts` ON (`posts`.`id`=`posts_posts`.`id_post`)  WHERE (posts.id=10)
in C:\OpenServer\domains\apple\protected\models\Tag.php (70)
in C:\OpenServer\domains\apple\protected\views\post\index.php (20)
in C:\OpenServer\domains\apple\protected\controllers\PostController.php (44)
2015/03/30 17:52:56 [trace] [system.db.ar.CActiveRecord] Comment.count()
in C:\OpenServer\domains\apple\protected\models\Comment.php (63)
in C:\OpenServer\domains\apple\protected\views\post\index.php (18)
in C:\OpenServer\domains\apple\protected\controllers\PostController.php (44)
2015/03/30 17:52:56 [trace] [system.db.ar.CActiveRecord] Comment.count() eagerly
in C:\OpenServer\domains\apple\protected\models\Comment.php (63)
in C:\OpenServer\domains\apple\protected\views\post\index.php (18)
in C:\OpenServer\domains\apple\protected\controllers\PostController.php (44)
2015/03/30 17:52:56 [trace] [system.db.CDbCommand] Querying SQL: SELECT COUNT(DISTINCT `t`.`id`) FROM `tbl_comment` `t`  LEFT OUTER JOIN `tbl_post` `post` ON (`t`.`post_id`=`post`.`id`)  WHERE (post.id=9)
in C:\OpenServer\domains\apple\protected\models\Comment.php (63)
in C:\OpenServer\domains\apple\protected\views\post\index.php (18)
in C:\OpenServer\domains\apple\protected\controllers\PostController.php (44)
2015/03/30 17:52:56 [trace] [system.db.ar.CActiveRecord] Tag.findAll()
in C:\OpenServer\domains\apple\protected\models\Tag.php (70)
in C:\OpenServer\domains\apple\protected\views\post\index.php (20)
in C:\OpenServer\domains\apple\protected\controllers\PostController.php (44)
2015/03/30 17:52:56 [trace] [system.db.CDbCommand] Querying SQL: SELECT `t`.`id` AS `t0_c0`, `t`.`title` AS `t0_c1`, `t`.`frequency` AS `t0_c2`, `posts`.`id` AS `t1_c0`, `posts`.`author` AS `t1_c1`, `posts`.`title` AS `t1_c2`, `posts`.`text` AS `t1_c3`, `posts`.`create_time` AS `t1_c4`, `posts`.`update_time` AS `t1_c5`, `posts`.`image` AS `t1_c6` FROM `tbl_tag` `t`  LEFT OUTER JOIN `tbl_post_tag` `posts_posts` ON (`t`.`id`=`posts_posts`.`id_tag`) LEFT OUTER JOIN `tbl_post` `posts` ON (`posts`.`id`=`posts_posts`.`id_post`)  WHERE (posts.id=9)
in C:\OpenServer\domains\apple\protected\models\Tag.php (70)
in C:\OpenServer\domains\apple\protected\views\post\index.php (20)
in C:\OpenServer\domains\apple\protected\controllers\PostController.php (44)
2015/03/30 17:52:56 [trace] [system.db.ar.CActiveRecord] Comment.count()
in C:\OpenServer\domains\apple\protected\models\Comment.php (63)
in C:\OpenServer\domains\apple\protected\views\post\index.php (18)
in C:\OpenServer\domains\apple\protected\controllers\PostController.php (44)
2015/03/30 17:52:56 [trace] [system.db.ar.CActiveRecord] Comment.count() eagerly
in C:\OpenServer\domains\apple\protected\models\Comment.php (63)
in C:\OpenServer\domains\apple\protected\views\post\index.php (18)
in C:\OpenServer\domains\apple\protected\controllers\PostController.php (44)
2015/03/30 17:52:56 [trace] [system.db.CDbCommand] Querying SQL: SELECT COUNT(DISTINCT `t`.`id`) FROM `tbl_comment` `t`  LEFT OUTER JOIN `tbl_post` `post` ON (`t`.`post_id`=`post`.`id`)  WHERE (post.id=8)
in C:\OpenServer\domains\apple\protected\models\Comment.php (63)
in C:\OpenServer\domains\apple\protected\views\post\index.php (18)
in C:\OpenServer\domains\apple\protected\controllers\PostController.php (44)
2015/03/30 17:52:56 [trace] [system.db.ar.CActiveRecord] Tag.findAll()
in C:\OpenServer\domains\apple\protected\models\Tag.php (70)
in C:\OpenServer\domains\apple\protected\views\post\index.php (20)
in C:\OpenServer\domains\apple\protected\controllers\PostController.php (44)
2015/03/30 17:52:56 [trace] [system.db.CDbCommand] Querying SQL: SELECT `t`.`id` AS `t0_c0`, `t`.`title` AS `t0_c1`, `t`.`frequency` AS `t0_c2`, `posts`.`id` AS `t1_c0`, `posts`.`author` AS `t1_c1`, `posts`.`title` AS `t1_c2`, `posts`.`text` AS `t1_c3`, `posts`.`create_time` AS `t1_c4`, `posts`.`update_time` AS `t1_c5`, `posts`.`image` AS `t1_c6` FROM `tbl_tag` `t`  LEFT OUTER JOIN `tbl_post_tag` `posts_posts` ON (`t`.`id`=`posts_posts`.`id_tag`) LEFT OUTER JOIN `tbl_post` `posts` ON (`posts`.`id`=`posts_posts`.`id_post`)  WHERE (posts.id=8)
in C:\OpenServer\domains\apple\protected\models\Tag.php (70)
in C:\OpenServer\domains\apple\protected\views\post\index.php (20)
in C:\OpenServer\domains\apple\protected\controllers\PostController.php (44)
2015/03/30 17:52:56 [trace] [system.db.ar.CActiveRecord] Tag.findAll()
in C:\OpenServer\domains\apple\protected\models\Tag.php (85)
in C:\OpenServer\domains\apple\protected\views\post\index.php (60)
in C:\OpenServer\domains\apple\protected\controllers\PostController.php (44)
2015/03/30 17:52:56 [trace] [system.db.CDbCommand] Querying SQL: SELECT * FROM `tbl_tag` `t` ORDER BY frequency DESC LIMIT 3
in C:\OpenServer\domains\apple\protected\models\Tag.php (85)
in C:\OpenServer\domains\apple\protected\views\post\index.php (60)
in C:\OpenServer\domains\apple\protected\controllers\PostController.php (44)
2015/03/30 17:52:56 [trace] [system.db.ar.CActiveRecord] Post.findAll()
in C:\OpenServer\domains\apple\protected\models\Post.php (97)
in C:\OpenServer\domains\apple\protected\views\post\index.php (67)
in C:\OpenServer\domains\apple\protected\controllers\PostController.php (44)
2015/03/30 17:52:56 [trace] [system.db.CDbCommand] Querying SQL: SELECT `t`.`id` AS `t0_c0`, `t`.`author` AS `t0_c1`, `t`.`title` AS `t0_c2`, `t`.`text` AS `t0_c3`, `t`.`create_time` AS `t0_c4`, `t`.`update_time` AS `t0_c5`, `t`.`image` AS `t0_c6`, `comments`.`id` AS `t1_c0`, `comments`.`post_id` AS `t1_c1`, `comments`.`author` AS `t1_c2`, `comments`.`email` AS `t1_c3`, `comments`.`text` AS `t1_c4`, `comments`.`create_time` AS `t1_c5`, `comments`.`update_time` AS `t1_c6` FROM `tbl_post` `t`  LEFT OUTER JOIN `tbl_comment` `comments` ON (`comments`.`post_id`=`t`.`id`) 
in C:\OpenServer\domains\apple\protected\models\Post.php (97)
in C:\OpenServer\domains\apple\protected\views\post\index.php (67)
in C:\OpenServer\domains\apple\protected\controllers\PostController.php (44)
2015/03/30 17:52:56 [trace] [system.db.ar.CActiveRecord] Menu.findAll()
in C:\OpenServer\domains\apple\protected\models\Menu.php (62)
in C:\OpenServer\domains\apple\protected\views\layouts\main.php (113)
in C:\OpenServer\domains\apple\protected\controllers\PostController.php (44)
2015/03/30 17:52:56 [trace] [system.db.CDbCommand] Querying SQL: SHOW FULL COLUMNS FROM `tbl_menu`
in C:\OpenServer\domains\apple\protected\models\Menu.php (62)
in C:\OpenServer\domains\apple\protected\views\layouts\main.php (113)
in C:\OpenServer\domains\apple\protected\controllers\PostController.php (44)
2015/03/30 17:52:56 [trace] [system.db.CDbCommand] Querying SQL: SHOW CREATE TABLE `tbl_menu`
in C:\OpenServer\domains\apple\protected\models\Menu.php (62)
in C:\OpenServer\domains\apple\protected\views\layouts\main.php (113)
in C:\OpenServer\domains\apple\protected\controllers\PostController.php (44)
2015/03/30 17:52:56 [trace] [system.db.CDbCommand] Querying SQL: SELECT * FROM `tbl_menu` `t`
in C:\OpenServer\domains\apple\protected\models\Menu.php (62)
in C:\OpenServer\domains\apple\protected\views\layouts\main.php (113)
in C:\OpenServer\domains\apple\protected\controllers\PostController.php (44)
